<?xml version="1.0" encoding="UTF-8"?>
<!-- Generated by org.testng.reporters.JUnitXMLReporter -->
<testsuite ignored="2" hostname="DESKTOP-HIN4ESK" failures="1" tests="9" name="Test" time="29.485" errors="0" timestamp="2024-08-25T11:09:54 IST">
  <testcase classname="Tests.formfilling_Tests" name="afterformfill" time="4.493"/>
  <testcase classname="Tests.formfilling_Tests" name="afterformfill" time="3.584"/>
  <testcase classname="Tests.formfilling_Tests" name="afterformfill" time="3.416"/>
  <testcase classname="Tests.formfilling_Tests" name="afterformfill" time="3.364"/>
  <testcase classname="Tests.formfilling_Tests" name="afterformfill" time="3.36"/>
  <testcase classname="Tests.formfilling_Tests" name="afterformfill" time="3.38"/>
  <testcase classname="Tests.formfilling_Tests" name="afterformfill" time="3.381"/>
  <testcase classname="Tests.formfilling_Tests" name="afterformfill" time="3.365"/>
  <testcase classname="Tests.Edittest" name="edittest1" time="0.031">
    <failure type="java.lang.NullPointerException" message="Cannot invoke &amp;quot;org.openqa.selenium.SearchContext.findElement(org.openqa.selenium.By)&amp;quot; because &amp;quot;this.searchContext&amp;quot; is null">
      <![CDATA[java.lang.NullPointerException: Cannot invoke "org.openqa.selenium.SearchContext.findElement(org.openqa.selenium.By)" because "this.searchContext" is null
at org.openqa.selenium.support.pagefactory.DefaultElementLocator.findElement(DefaultElementLocator.java:68)
at org.openqa.selenium.support.pagefactory.internal.LocatingElementHandler.invoke(LocatingElementHandler.java:38)
at jdk.proxy2/jdk.proxy2.$Proxy18.isDisplayed(Unknown Source)
at org.openqa.selenium.support.ui.ExpectedConditions.elementIfVisible(ExpectedConditions.java:304)
at org.openqa.selenium.support.ui.ExpectedConditions$10.apply(ExpectedConditions.java:290)
at org.openqa.selenium.support.ui.ExpectedConditions$10.apply(ExpectedConditions.java:287)
at org.openqa.selenium.support.ui.ExpectedConditions$23.apply(ExpectedConditions.java:656)
at org.openqa.selenium.support.ui.ExpectedConditions$23.apply(ExpectedConditions.java:652)
at org.openqa.selenium.support.ui.FluentWait.until(FluentWait.java:203)
at Pages.EditPage.namechange(EditPage.java:40)
at Tests.Edittest.edittest1(Edittest.java:12)
at java.base/java.util.ArrayList.forEach(ArrayList.java:1597)
... Removed 25 stack frames]]>
    </failure>
  </testcase> <!-- edittest1 -->
  <testcase classname="basemethod.basemethod" name="@AfterSuite Aftermethod1" time="0.0">
    <ignored/>
  </testcase> <!-- @AfterSuite Aftermethod1 -->
  <testcase classname="basemethod.basemethod" name="@BeforeSuite beforemethod1" time="0.0">
    <ignored/>
  </testcase> <!-- @BeforeSuite beforemethod1 -->
</testsuite> <!-- Test -->
